<<<<<<< HEAD
2022-06-27 10:52:04,766 INFO org.springframework.boot.StartupInfoLogger [restartedMain] Starting ExploremoreApplication using Java 17.0.2 on BerlyPaul with PID 20972 (C:\Users\cartm\OneDrive\Desktop\backend\target\classes started by cartm in C:\Users\cartm\OneDrive\Desktop\backend)
2022-06-27 10:52:04,770 DEBUG org.springframework.boot.StartupInfoLogger [restartedMain] Running with Spring Boot v2.7.1, Spring v5.3.21
2022-06-27 10:52:04,772 INFO org.springframework.boot.SpringApplication [restartedMain] No active profile set, falling back to 1 default profile: "default"
2022-06-27 10:52:10,109 INFO com.exploremore.aop.LoggingAop [restartedMain] Entering ExploremoreApplication.com.exploremore.ExploremoreApplication
2022-06-27 10:52:10,153 INFO com.exploremore.aop.LoggingAop [restartedMain] Exiting ExploremoreApplication.com.exploremore.ExploremoreApplication
2022-06-27 10:52:10,154 INFO com.exploremore.aop.LoggingAop [restartedMain] Executing ExploremoreApplication.corsFilter
2022-06-27 10:53:08,506 INFO org.springframework.boot.StartupInfoLogger [restartedMain] Starting ExploremoreApplication using Java 17.0.2 on BerlyPaul with PID 11988 (C:\Users\cartm\OneDrive\Desktop\backend\target\classes started by cartm in C:\Users\cartm\OneDrive\Desktop\backend)
2022-06-27 10:53:08,510 DEBUG org.springframework.boot.StartupInfoLogger [restartedMain] Running with Spring Boot v2.7.1, Spring v5.3.21
2022-06-27 10:53:08,510 INFO org.springframework.boot.SpringApplication [restartedMain] No active profile set, falling back to 1 default profile: "default"
2022-06-27 10:53:11,355 INFO com.exploremore.aop.LoggingAop [restartedMain] Entering ExploremoreApplication.com.exploremore.ExploremoreApplication
2022-06-27 10:53:11,427 INFO com.exploremore.aop.LoggingAop [restartedMain] Exiting ExploremoreApplication.com.exploremore.ExploremoreApplication
2022-06-27 10:53:11,428 INFO com.exploremore.aop.LoggingAop [restartedMain] Executing ExploremoreApplication.corsFilter
2022-06-27 10:54:19,968 INFO org.springframework.boot.StartupInfoLogger [restartedMain] Starting ExploremoreApplication using Java 17.0.2 on BerlyPaul with PID 20572 (C:\Users\cartm\OneDrive\Desktop\backend\target\classes started by cartm in C:\Users\cartm\OneDrive\Desktop\backend)
2022-06-27 10:54:19,972 DEBUG org.springframework.boot.StartupInfoLogger [restartedMain] Running with Spring Boot v2.7.1, Spring v5.3.21
2022-06-27 10:54:19,973 INFO org.springframework.boot.SpringApplication [restartedMain] No active profile set, falling back to 1 default profile: "default"
2022-06-27 10:54:23,384 INFO com.exploremore.aop.LoggingAop [restartedMain] Entering ExploremoreApplication.com.exploremore.ExploremoreApplication
2022-06-27 10:54:23,491 INFO com.exploremore.aop.LoggingAop [restartedMain] Exiting ExploremoreApplication.com.exploremore.ExploremoreApplication
2022-06-27 10:54:23,492 INFO com.exploremore.aop.LoggingAop [restartedMain] Executing ExploremoreApplication.corsFilter
2022-06-27 11:00:09,883 INFO org.springframework.boot.StartupInfoLogger [restartedMain] Starting ExploremoreApplication using Java 17.0.2 on BerlyPaul with PID 8868 (C:\Users\cartm\OneDrive\Desktop\backend\target\classes started by cartm in C:\Users\cartm\OneDrive\Desktop\backend)
2022-06-27 11:00:09,886 DEBUG org.springframework.boot.StartupInfoLogger [restartedMain] Running with Spring Boot v2.7.1, Spring v5.3.21
2022-06-27 11:00:09,888 INFO org.springframework.boot.SpringApplication [restartedMain] No active profile set, falling back to 1 default profile: "default"
2022-06-27 11:00:13,270 INFO com.exploremore.aop.LoggingAop [restartedMain] Entering ExploremoreApplication.com.exploremore.ExploremoreApplication
2022-06-27 11:00:13,360 INFO com.exploremore.aop.LoggingAop [restartedMain] Exiting ExploremoreApplication.com.exploremore.ExploremoreApplication
2022-06-27 11:00:13,361 INFO com.exploremore.aop.LoggingAop [restartedMain] Executing ExploremoreApplication.corsFilter
2022-06-27 11:01:58,627 INFO org.springframework.boot.StartupInfoLogger [restartedMain] Starting ExploremoreApplication using Java 17.0.2 on BerlyPaul with PID 9264 (C:\Users\cartm\OneDrive\Desktop\backend\target\classes started by cartm in C:\Users\cartm\OneDrive\Desktop\backend)
2022-06-27 11:01:58,631 DEBUG org.springframework.boot.StartupInfoLogger [restartedMain] Running with Spring Boot v2.7.1, Spring v5.3.21
2022-06-27 11:01:58,632 INFO org.springframework.boot.SpringApplication [restartedMain] No active profile set, falling back to 1 default profile: "default"
2022-06-27 11:02:01,978 INFO com.exploremore.aop.LoggingAop [restartedMain] Entering ExploremoreApplication.com.exploremore.ExploremoreApplication
2022-06-27 11:02:02,056 INFO com.exploremore.aop.LoggingAop [restartedMain] Exiting ExploremoreApplication.com.exploremore.ExploremoreApplication
2022-06-27 11:02:02,057 INFO com.exploremore.aop.LoggingAop [restartedMain] Executing ExploremoreApplication.corsFilter
2022-06-27 11:03:16,616 INFO org.springframework.boot.StartupInfoLogger [restartedMain] Starting ExploremoreApplication using Java 17.0.2 on BerlyPaul with PID 20580 (C:\Users\cartm\OneDrive\Desktop\backend\target\classes started by cartm in C:\Users\cartm\OneDrive\Desktop\backend)
2022-06-27 11:03:16,619 DEBUG org.springframework.boot.StartupInfoLogger [restartedMain] Running with Spring Boot v2.7.1, Spring v5.3.21
2022-06-27 11:03:16,620 INFO org.springframework.boot.SpringApplication [restartedMain] No active profile set, falling back to 1 default profile: "default"
2022-06-27 11:03:19,423 INFO com.exploremore.aop.LoggingAop [restartedMain] Entering ExploremoreApplication.com.exploremore.ExploremoreApplication
2022-06-27 11:03:19,473 INFO com.exploremore.aop.LoggingAop [restartedMain] Exiting ExploremoreApplication.com.exploremore.ExploremoreApplication
2022-06-27 11:03:19,474 INFO com.exploremore.aop.LoggingAop [restartedMain] Executing ExploremoreApplication.corsFilter
2022-06-27 11:03:24,786 INFO org.springframework.boot.StartupInfoLogger [restartedMain] Started ExploremoreApplication in 8.689 seconds (JVM running for 9.863)
2022-06-27 11:08:32,988 INFO com.exploremore.aop.LoggingAop [http-nio-7474-exec-4] Entering PaymentController.com.exploremore.controller.PaymentController
2022-06-27 11:08:32,999 INFO com.exploremore.aop.LoggingAop [http-nio-7474-exec-4] Entering PaymentServiceImpl.com.exploremore.service.PaymentServiceImpl
2022-06-27 11:08:33,017 INFO com.exploremore.aop.LoggingAop [http-nio-7474-exec-4] Entering JpaRepository.org.springframework.data.jpa.repository.JpaRepository
2022-06-27 11:08:33,162 INFO com.exploremore.aop.LoggingAop [http-nio-7474-exec-4] Exiting JpaRepository.org.springframework.data.jpa.repository.JpaRepository
2022-06-27 11:08:33,162 INFO com.exploremore.aop.LoggingAop [http-nio-7474-exec-4] Executing JpaRepository.saveAndFlush
2022-06-27 11:08:33,163 INFO com.exploremore.aop.LoggingAop [http-nio-7474-exec-4] Exiting PaymentServiceImpl.com.exploremore.service.PaymentServiceImpl
2022-06-27 11:08:33,163 INFO com.exploremore.aop.LoggingAop [http-nio-7474-exec-4] Executing PaymentServiceImpl.addPaymentInfo
2022-06-27 11:08:33,163 INFO com.exploremore.aop.LoggingAop [http-nio-7474-exec-4] Exiting PaymentController.com.exploremore.controller.PaymentController
2022-06-27 11:08:33,163 INFO com.exploremore.aop.LoggingAop [http-nio-7474-exec-4] Executing PaymentController.addPaymentInfo
2022-06-27 11:19:37,856 INFO com.exploremore.aop.LoggingAop [http-nio-7474-exec-4] Entering PaymentController.com.exploremore.controller.PaymentController
2022-06-27 11:19:37,856 INFO com.exploremore.aop.LoggingAop [http-nio-7474-exec-4] Entering PaymentServiceImpl.com.exploremore.service.PaymentServiceImpl
2022-06-27 11:19:37,857 INFO com.exploremore.aop.LoggingAop [http-nio-7474-exec-4] Entering JpaRepository.org.springframework.data.jpa.repository.JpaRepository
2022-06-27 11:19:37,863 INFO com.exploremore.aop.LoggingAop [http-nio-7474-exec-4] Exiting JpaRepository.org.springframework.data.jpa.repository.JpaRepository
2022-06-27 11:19:37,863 INFO com.exploremore.aop.LoggingAop [http-nio-7474-exec-4] Executing JpaRepository.saveAndFlush
2022-06-27 11:19:37,863 INFO com.exploremore.aop.LoggingAop [http-nio-7474-exec-4] Exiting PaymentServiceImpl.com.exploremore.service.PaymentServiceImpl
2022-06-27 11:19:37,863 INFO com.exploremore.aop.LoggingAop [http-nio-7474-exec-4] Executing PaymentServiceImpl.addPaymentInfo
2022-06-27 11:19:37,863 INFO com.exploremore.aop.LoggingAop [http-nio-7474-exec-4] Exiting PaymentController.com.exploremore.controller.PaymentController
2022-06-27 11:19:37,863 INFO com.exploremore.aop.LoggingAop [http-nio-7474-exec-4] Executing PaymentController.addPaymentInfo
2022-06-27 11:25:24,674 INFO com.exploremore.aop.LoggingAop [http-nio-7474-exec-9] Entering BillingController.com.exploremore.controller.BillingController
2022-06-27 11:25:24,683 INFO com.exploremore.aop.LoggingAop [http-nio-7474-exec-9] Entering BillingServiceImpl.com.exploremore.service.BillingServiceImpl
2022-06-27 11:25:24,709 INFO com.exploremore.aop.LoggingAop [http-nio-7474-exec-9] Entering JpaRepository.org.springframework.data.jpa.repository.JpaRepository
2022-06-27 11:25:24,723 INFO com.exploremore.aop.LoggingAop [http-nio-7474-exec-9] Exiting JpaRepository.org.springframework.data.jpa.repository.JpaRepository
2022-06-27 11:25:24,724 INFO com.exploremore.aop.LoggingAop [http-nio-7474-exec-9] Executing JpaRepository.saveAndFlush
2022-06-27 11:25:24,725 INFO com.exploremore.aop.LoggingAop [http-nio-7474-exec-9] Exiting BillingServiceImpl.com.exploremore.service.BillingServiceImpl
2022-06-27 11:25:24,725 INFO com.exploremore.aop.LoggingAop [http-nio-7474-exec-9] Executing BillingServiceImpl.addBillingAddress
2022-06-27 11:25:24,726 INFO com.exploremore.aop.LoggingAop [http-nio-7474-exec-9] Exiting BillingController.com.exploremore.controller.BillingController
2022-06-27 11:25:24,726 INFO com.exploremore.aop.LoggingAop [http-nio-7474-exec-9] Executing BillingController.addBillingAddress
2022-06-27 11:41:20,013 INFO com.exploremore.aop.LoggingAop [http-nio-7474-exec-7] Entering BillingController.com.exploremore.controller.BillingController
2022-06-27 11:41:20,017 INFO com.exploremore.aop.LoggingAop [http-nio-7474-exec-10] Entering PaymentController.com.exploremore.controller.PaymentController
2022-06-27 11:41:20,017 INFO com.exploremore.aop.LoggingAop [http-nio-7474-exec-10] Entering PaymentServiceImpl.com.exploremore.service.PaymentServiceImpl
2022-06-27 11:41:20,015 INFO com.exploremore.aop.LoggingAop [http-nio-7474-exec-7] Entering BillingServiceImpl.com.exploremore.service.BillingServiceImpl
2022-06-27 11:41:20,019 INFO com.exploremore.aop.LoggingAop [http-nio-7474-exec-7] Entering JpaRepository.org.springframework.data.jpa.repository.JpaRepository
2022-06-27 11:41:20,018 INFO com.exploremore.aop.LoggingAop [http-nio-7474-exec-10] Entering JpaRepository.org.springframework.data.jpa.repository.JpaRepository
2022-06-27 11:41:20,032 INFO com.exploremore.aop.LoggingAop [http-nio-7474-exec-10] Exiting JpaRepository.org.springframework.data.jpa.repository.JpaRepository
2022-06-27 11:41:20,033 INFO com.exploremore.aop.LoggingAop [http-nio-7474-exec-10] Executing JpaRepository.saveAndFlush
2022-06-27 11:41:20,033 INFO com.exploremore.aop.LoggingAop [http-nio-7474-exec-10] Exiting PaymentServiceImpl.com.exploremore.service.PaymentServiceImpl
2022-06-27 11:41:20,033 INFO com.exploremore.aop.LoggingAop [http-nio-7474-exec-10] Executing PaymentServiceImpl.addPaymentInfo
2022-06-27 11:41:20,033 INFO com.exploremore.aop.LoggingAop [http-nio-7474-exec-10] Exiting PaymentController.com.exploremore.controller.PaymentController
2022-06-27 11:41:20,034 INFO com.exploremore.aop.LoggingAop [http-nio-7474-exec-10] Executing PaymentController.addPaymentInfo
2022-06-27 11:41:20,044 INFO com.exploremore.aop.LoggingAop [http-nio-7474-exec-7] Exiting JpaRepository.org.springframework.data.jpa.repository.JpaRepository
2022-06-27 11:41:20,044 INFO com.exploremore.aop.LoggingAop [http-nio-7474-exec-7] Exiting BillingServiceImpl.com.exploremore.service.BillingServiceImpl
2022-06-27 11:41:20,045 INFO com.exploremore.aop.LoggingAop [http-nio-7474-exec-7] Exiting BillingController.com.exploremore.controller.BillingController
2022-06-27 12:03:41,741 INFO com.exploremore.aop.LoggingAop [http-nio-7474-exec-9] Entering BillingController.com.exploremore.controller.BillingController
2022-06-27 12:03:41,743 INFO com.exploremore.aop.LoggingAop [http-nio-7474-exec-9] Entering BillingServiceImpl.com.exploremore.service.BillingServiceImpl
2022-06-27 12:03:41,745 INFO com.exploremore.aop.LoggingAop [http-nio-7474-exec-9] Entering JpaRepository.org.springframework.data.jpa.repository.JpaRepository
2022-06-27 12:03:41,752 INFO com.exploremore.aop.LoggingAop [http-nio-7474-exec-9] Exiting JpaRepository.org.springframework.data.jpa.repository.JpaRepository
2022-06-27 12:03:41,753 INFO com.exploremore.aop.LoggingAop [http-nio-7474-exec-9] Exiting BillingServiceImpl.com.exploremore.service.BillingServiceImpl
2022-06-27 12:03:41,753 INFO com.exploremore.aop.LoggingAop [http-nio-7474-exec-9] Exiting BillingController.com.exploremore.controller.BillingController
2022-06-27 12:04:38,523 INFO com.exploremore.aop.LoggingAop [http-nio-7474-exec-3] Entering BillingController.com.exploremore.controller.BillingController
2022-06-27 12:04:38,523 INFO com.exploremore.aop.LoggingAop [http-nio-7474-exec-3] Entering BillingServiceImpl.com.exploremore.service.BillingServiceImpl
2022-06-27 12:04:38,524 INFO com.exploremore.aop.LoggingAop [http-nio-7474-exec-10] Entering PaymentController.com.exploremore.controller.PaymentController
2022-06-27 12:04:38,524 INFO com.exploremore.aop.LoggingAop [http-nio-7474-exec-10] Entering PaymentServiceImpl.com.exploremore.service.PaymentServiceImpl
2022-06-27 12:04:38,524 INFO com.exploremore.aop.LoggingAop [http-nio-7474-exec-3] Entering JpaRepository.org.springframework.data.jpa.repository.JpaRepository
2022-06-27 12:04:38,525 INFO com.exploremore.aop.LoggingAop [http-nio-7474-exec-10] Entering JpaRepository.org.springframework.data.jpa.repository.JpaRepository
2022-06-27 12:04:38,529 INFO com.exploremore.aop.LoggingAop [http-nio-7474-exec-3] Exiting JpaRepository.org.springframework.data.jpa.repository.JpaRepository
2022-06-27 12:04:38,530 INFO com.exploremore.aop.LoggingAop [http-nio-7474-exec-3] Exiting BillingServiceImpl.com.exploremore.service.BillingServiceImpl
2022-06-27 12:04:38,530 INFO com.exploremore.aop.LoggingAop [http-nio-7474-exec-3] Exiting BillingController.com.exploremore.controller.BillingController
2022-06-27 12:04:38,536 INFO com.exploremore.aop.LoggingAop [http-nio-7474-exec-10] Exiting JpaRepository.org.springframework.data.jpa.repository.JpaRepository
2022-06-27 12:04:38,536 INFO com.exploremore.aop.LoggingAop [http-nio-7474-exec-10] Executing JpaRepository.saveAndFlush
2022-06-27 12:04:38,536 INFO com.exploremore.aop.LoggingAop [http-nio-7474-exec-10] Exiting PaymentServiceImpl.com.exploremore.service.PaymentServiceImpl
2022-06-27 12:04:38,536 INFO com.exploremore.aop.LoggingAop [http-nio-7474-exec-10] Executing PaymentServiceImpl.addPaymentInfo
2022-06-27 12:04:38,536 INFO com.exploremore.aop.LoggingAop [http-nio-7474-exec-10] Exiting PaymentController.com.exploremore.controller.PaymentController
2022-06-27 12:04:38,536 INFO com.exploremore.aop.LoggingAop [http-nio-7474-exec-10] Executing PaymentController.addPaymentInfo
2022-06-27 12:41:00,526 INFO com.exploremore.aop.LoggingAop [http-nio-7474-exec-8] Entering PaymentController.com.exploremore.controller.PaymentController
2022-06-27 12:41:00,526 INFO com.exploremore.aop.LoggingAop [http-nio-7474-exec-4] Entering BillingController.com.exploremore.controller.BillingController
2022-06-27 12:41:00,529 INFO com.exploremore.aop.LoggingAop [http-nio-7474-exec-4] Entering BillingServiceImpl.com.exploremore.service.BillingServiceImpl
2022-06-27 12:41:00,531 INFO com.exploremore.aop.LoggingAop [http-nio-7474-exec-4] Entering JpaRepository.org.springframework.data.jpa.repository.JpaRepository
2022-06-27 12:41:00,527 INFO com.exploremore.aop.LoggingAop [http-nio-7474-exec-8] Entering PaymentServiceImpl.com.exploremore.service.PaymentServiceImpl
2022-06-27 12:41:00,535 INFO com.exploremore.aop.LoggingAop [http-nio-7474-exec-8] Entering JpaRepository.org.springframework.data.jpa.repository.JpaRepository
2022-06-27 12:41:00,539 INFO com.exploremore.aop.LoggingAop [http-nio-7474-exec-4] Exiting JpaRepository.org.springframework.data.jpa.repository.JpaRepository
2022-06-27 12:41:00,539 INFO com.exploremore.aop.LoggingAop [http-nio-7474-exec-4] Exiting BillingServiceImpl.com.exploremore.service.BillingServiceImpl
2022-06-27 12:41:00,539 INFO com.exploremore.aop.LoggingAop [http-nio-7474-exec-4] Exiting BillingController.com.exploremore.controller.BillingController
2022-06-27 12:41:00,548 INFO com.exploremore.aop.LoggingAop [http-nio-7474-exec-8] Exiting JpaRepository.org.springframework.data.jpa.repository.JpaRepository
2022-06-27 12:41:00,549 INFO com.exploremore.aop.LoggingAop [http-nio-7474-exec-8] Executing JpaRepository.saveAndFlush
2022-06-27 12:41:00,549 INFO com.exploremore.aop.LoggingAop [http-nio-7474-exec-8] Exiting PaymentServiceImpl.com.exploremore.service.PaymentServiceImpl
2022-06-27 12:41:00,550 INFO com.exploremore.aop.LoggingAop [http-nio-7474-exec-8] Executing PaymentServiceImpl.addPaymentInfo
2022-06-27 12:41:00,550 INFO com.exploremore.aop.LoggingAop [http-nio-7474-exec-8] Exiting PaymentController.com.exploremore.controller.PaymentController
2022-06-27 12:41:00,550 INFO com.exploremore.aop.LoggingAop [http-nio-7474-exec-8] Executing PaymentController.addPaymentInfo
2022-06-27 12:52:30,760 INFO com.exploremore.aop.LoggingAop [http-nio-7474-exec-10] Entering BillingController.com.exploremore.controller.BillingController
2022-06-27 12:52:30,760 INFO com.exploremore.aop.LoggingAop [http-nio-7474-exec-3] Entering PaymentController.com.exploremore.controller.PaymentController
2022-06-27 12:52:30,762 INFO com.exploremore.aop.LoggingAop [http-nio-7474-exec-10] Entering BillingServiceImpl.com.exploremore.service.BillingServiceImpl
2022-06-27 12:52:30,762 INFO com.exploremore.aop.LoggingAop [http-nio-7474-exec-10] Entering JpaRepository.org.springframework.data.jpa.repository.JpaRepository
2022-06-27 12:52:30,762 INFO com.exploremore.aop.LoggingAop [http-nio-7474-exec-3] Entering PaymentServiceImpl.com.exploremore.service.PaymentServiceImpl
2022-06-27 12:52:30,762 INFO com.exploremore.aop.LoggingAop [http-nio-7474-exec-3] Entering JpaRepository.org.springframework.data.jpa.repository.JpaRepository
2022-06-27 12:52:30,765 INFO com.exploremore.aop.LoggingAop [http-nio-7474-exec-3] Exiting JpaRepository.org.springframework.data.jpa.repository.JpaRepository
2022-06-27 12:52:30,765 INFO com.exploremore.aop.LoggingAop [http-nio-7474-exec-3] Executing JpaRepository.saveAndFlush
2022-06-27 12:52:30,766 INFO com.exploremore.aop.LoggingAop [http-nio-7474-exec-3] Exiting PaymentServiceImpl.com.exploremore.service.PaymentServiceImpl
2022-06-27 12:52:30,766 INFO com.exploremore.aop.LoggingAop [http-nio-7474-exec-3] Executing PaymentServiceImpl.addPaymentInfo
2022-06-27 12:52:30,766 INFO com.exploremore.aop.LoggingAop [http-nio-7474-exec-3] Exiting PaymentController.com.exploremore.controller.PaymentController
2022-06-27 12:52:30,766 INFO com.exploremore.aop.LoggingAop [http-nio-7474-exec-3] Executing PaymentController.addPaymentInfo
2022-06-27 12:52:30,766 INFO com.exploremore.aop.LoggingAop [http-nio-7474-exec-10] Exiting JpaRepository.org.springframework.data.jpa.repository.JpaRepository
2022-06-27 12:52:30,767 INFO com.exploremore.aop.LoggingAop [http-nio-7474-exec-10] Exiting BillingServiceImpl.com.exploremore.service.BillingServiceImpl
2022-06-27 12:52:30,767 INFO com.exploremore.aop.LoggingAop [http-nio-7474-exec-10] Exiting BillingController.com.exploremore.controller.BillingController
2022-06-27 13:03:13,085 INFO com.exploremore.aop.LoggingAop [http-nio-7474-exec-4] Entering BillingController.com.exploremore.controller.BillingController
2022-06-27 13:03:13,086 INFO com.exploremore.aop.LoggingAop [http-nio-7474-exec-4] Entering BillingServiceImpl.com.exploremore.service.BillingServiceImpl
2022-06-27 13:03:13,086 INFO com.exploremore.aop.LoggingAop [http-nio-7474-exec-4] Entering JpaRepository.org.springframework.data.jpa.repository.JpaRepository
2022-06-27 13:03:13,085 INFO com.exploremore.aop.LoggingAop [http-nio-7474-exec-8] Entering PaymentController.com.exploremore.controller.PaymentController
2022-06-27 13:03:13,087 INFO com.exploremore.aop.LoggingAop [http-nio-7474-exec-8] Entering PaymentServiceImpl.com.exploremore.service.PaymentServiceImpl
2022-06-27 13:03:13,087 INFO com.exploremore.aop.LoggingAop [http-nio-7474-exec-8] Entering JpaRepository.org.springframework.data.jpa.repository.JpaRepository
2022-06-27 13:03:13,091 INFO com.exploremore.aop.LoggingAop [http-nio-7474-exec-4] Exiting JpaRepository.org.springframework.data.jpa.repository.JpaRepository
2022-06-27 13:03:13,091 INFO com.exploremore.aop.LoggingAop [http-nio-7474-exec-4] Exiting BillingServiceImpl.com.exploremore.service.BillingServiceImpl
2022-06-27 13:03:13,091 INFO com.exploremore.aop.LoggingAop [http-nio-7474-exec-4] Exiting BillingController.com.exploremore.controller.BillingController
2022-06-27 13:03:13,094 INFO com.exploremore.aop.LoggingAop [http-nio-7474-exec-8] Exiting JpaRepository.org.springframework.data.jpa.repository.JpaRepository
2022-06-27 13:03:13,094 INFO com.exploremore.aop.LoggingAop [http-nio-7474-exec-8] Executing JpaRepository.saveAndFlush
2022-06-27 13:03:13,094 INFO com.exploremore.aop.LoggingAop [http-nio-7474-exec-8] Exiting PaymentServiceImpl.com.exploremore.service.PaymentServiceImpl
2022-06-27 13:03:13,094 INFO com.exploremore.aop.LoggingAop [http-nio-7474-exec-8] Executing PaymentServiceImpl.addPaymentInfo
2022-06-27 13:03:13,095 INFO com.exploremore.aop.LoggingAop [http-nio-7474-exec-8] Exiting PaymentController.com.exploremore.controller.PaymentController
2022-06-27 13:03:13,095 INFO com.exploremore.aop.LoggingAop [http-nio-7474-exec-8] Executing PaymentController.addPaymentInfo
2022-06-27 13:07:06,749 INFO com.exploremore.aop.LoggingAop [http-nio-7474-exec-10] Entering PaymentController.com.exploremore.controller.PaymentController
2022-06-27 13:07:06,749 INFO com.exploremore.aop.LoggingAop [http-nio-7474-exec-10] Entering PaymentServiceImpl.com.exploremore.service.PaymentServiceImpl
2022-06-27 13:07:06,748 INFO com.exploremore.aop.LoggingAop [http-nio-7474-exec-3] Entering BillingController.com.exploremore.controller.BillingController
2022-06-27 13:07:06,749 INFO com.exploremore.aop.LoggingAop [http-nio-7474-exec-3] Entering BillingServiceImpl.com.exploremore.service.BillingServiceImpl
2022-06-27 13:07:06,749 INFO com.exploremore.aop.LoggingAop [http-nio-7474-exec-10] Entering JpaRepository.org.springframework.data.jpa.repository.JpaRepository
2022-06-27 13:07:06,751 INFO com.exploremore.aop.LoggingAop [http-nio-7474-exec-3] Entering JpaRepository.org.springframework.data.jpa.repository.JpaRepository
2022-06-27 13:07:06,754 INFO com.exploremore.aop.LoggingAop [http-nio-7474-exec-3] Exiting JpaRepository.org.springframework.data.jpa.repository.JpaRepository
2022-06-27 13:07:06,754 INFO com.exploremore.aop.LoggingAop [http-nio-7474-exec-3] Exiting BillingServiceImpl.com.exploremore.service.BillingServiceImpl
2022-06-27 13:07:06,754 INFO com.exploremore.aop.LoggingAop [http-nio-7474-exec-3] Exiting BillingController.com.exploremore.controller.BillingController
2022-06-27 13:07:06,756 INFO com.exploremore.aop.LoggingAop [http-nio-7474-exec-10] Exiting JpaRepository.org.springframework.data.jpa.repository.JpaRepository
2022-06-27 13:07:06,756 INFO com.exploremore.aop.LoggingAop [http-nio-7474-exec-10] Executing JpaRepository.saveAndFlush
2022-06-27 13:07:06,756 INFO com.exploremore.aop.LoggingAop [http-nio-7474-exec-10] Exiting PaymentServiceImpl.com.exploremore.service.PaymentServiceImpl
2022-06-27 13:07:06,756 INFO com.exploremore.aop.LoggingAop [http-nio-7474-exec-10] Executing PaymentServiceImpl.addPaymentInfo
2022-06-27 13:07:06,757 INFO com.exploremore.aop.LoggingAop [http-nio-7474-exec-10] Exiting PaymentController.com.exploremore.controller.PaymentController
2022-06-27 13:07:06,757 INFO com.exploremore.aop.LoggingAop [http-nio-7474-exec-10] Executing PaymentController.addPaymentInfo
2022-06-27 13:10:37,016 INFO com.exploremore.aop.LoggingAop [http-nio-7474-exec-8] Entering BillingController.com.exploremore.controller.BillingController
2022-06-27 13:10:37,016 INFO com.exploremore.aop.LoggingAop [http-nio-7474-exec-4] Entering PaymentController.com.exploremore.controller.PaymentController
2022-06-27 13:10:37,017 INFO com.exploremore.aop.LoggingAop [http-nio-7474-exec-8] Entering BillingServiceImpl.com.exploremore.service.BillingServiceImpl
2022-06-27 13:10:37,017 INFO com.exploremore.aop.LoggingAop [http-nio-7474-exec-4] Entering PaymentServiceImpl.com.exploremore.service.PaymentServiceImpl
2022-06-27 13:10:37,018 INFO com.exploremore.aop.LoggingAop [http-nio-7474-exec-8] Entering JpaRepository.org.springframework.data.jpa.repository.JpaRepository
2022-06-27 13:10:37,018 INFO com.exploremore.aop.LoggingAop [http-nio-7474-exec-4] Entering JpaRepository.org.springframework.data.jpa.repository.JpaRepository
2022-06-27 13:10:37,022 INFO com.exploremore.aop.LoggingAop [http-nio-7474-exec-4] Exiting JpaRepository.org.springframework.data.jpa.repository.JpaRepository
2022-06-27 13:10:37,022 INFO com.exploremore.aop.LoggingAop [http-nio-7474-exec-8] Exiting JpaRepository.org.springframework.data.jpa.repository.JpaRepository
2022-06-27 13:10:37,022 INFO com.exploremore.aop.LoggingAop [http-nio-7474-exec-4] Executing JpaRepository.saveAndFlush
2022-06-27 13:10:37,022 INFO com.exploremore.aop.LoggingAop [http-nio-7474-exec-4] Exiting PaymentServiceImpl.com.exploremore.service.PaymentServiceImpl
2022-06-27 13:10:37,022 INFO com.exploremore.aop.LoggingAop [http-nio-7474-exec-8] Exiting BillingServiceImpl.com.exploremore.service.BillingServiceImpl
2022-06-27 13:10:37,022 INFO com.exploremore.aop.LoggingAop [http-nio-7474-exec-4] Executing PaymentServiceImpl.addPaymentInfo
2022-06-27 13:10:37,022 INFO com.exploremore.aop.LoggingAop [http-nio-7474-exec-8] Exiting BillingController.com.exploremore.controller.BillingController
2022-06-27 13:10:37,022 INFO com.exploremore.aop.LoggingAop [http-nio-7474-exec-4] Exiting PaymentController.com.exploremore.controller.PaymentController
2022-06-27 13:10:37,022 INFO com.exploremore.aop.LoggingAop [http-nio-7474-exec-4] Executing PaymentController.addPaymentInfo
2022-06-27 14:12:48,845 INFO com.exploremore.aop.LoggingAop [http-nio-7474-exec-10] Entering BillingController.com.exploremore.controller.BillingController
2022-06-27 14:12:48,846 INFO com.exploremore.aop.LoggingAop [http-nio-7474-exec-10] Entering BillingServiceImpl.com.exploremore.service.BillingServiceImpl
2022-06-27 14:12:48,847 INFO com.exploremore.aop.LoggingAop [http-nio-7474-exec-10] Entering JpaRepository.org.springframework.data.jpa.repository.JpaRepository
2022-06-27 14:12:48,845 INFO com.exploremore.aop.LoggingAop [http-nio-7474-exec-3] Entering PaymentController.com.exploremore.controller.PaymentController
2022-06-27 14:12:48,850 INFO com.exploremore.aop.LoggingAop [http-nio-7474-exec-3] Entering PaymentServiceImpl.com.exploremore.service.PaymentServiceImpl
2022-06-27 14:12:48,851 INFO com.exploremore.aop.LoggingAop [http-nio-7474-exec-3] Entering JpaRepository.org.springframework.data.jpa.repository.JpaRepository
2022-06-27 14:12:48,856 INFO com.exploremore.aop.LoggingAop [http-nio-7474-exec-10] Exiting JpaRepository.org.springframework.data.jpa.repository.JpaRepository
2022-06-27 14:12:48,856 INFO com.exploremore.aop.LoggingAop [http-nio-7474-exec-10] Executing JpaRepository.saveAndFlush
2022-06-27 14:12:48,857 INFO com.exploremore.aop.LoggingAop [http-nio-7474-exec-10] Exiting BillingServiceImpl.com.exploremore.service.BillingServiceImpl
2022-06-27 14:12:48,857 INFO com.exploremore.aop.LoggingAop [http-nio-7474-exec-10] Executing BillingServiceImpl.addBillingAddress
2022-06-27 14:12:48,857 INFO com.exploremore.aop.LoggingAop [http-nio-7474-exec-10] Exiting BillingController.com.exploremore.controller.BillingController
2022-06-27 14:12:48,858 INFO com.exploremore.aop.LoggingAop [http-nio-7474-exec-10] Executing BillingController.addBillingAddress
2022-06-27 14:12:48,859 INFO com.exploremore.aop.LoggingAop [http-nio-7474-exec-3] Exiting JpaRepository.org.springframework.data.jpa.repository.JpaRepository
2022-06-27 14:12:48,860 INFO com.exploremore.aop.LoggingAop [http-nio-7474-exec-3] Executing JpaRepository.saveAndFlush
2022-06-27 14:12:48,861 INFO com.exploremore.aop.LoggingAop [http-nio-7474-exec-3] Exiting PaymentServiceImpl.com.exploremore.service.PaymentServiceImpl
2022-06-27 14:12:48,861 INFO com.exploremore.aop.LoggingAop [http-nio-7474-exec-3] Executing PaymentServiceImpl.addPaymentInfo
2022-06-27 14:12:48,861 INFO com.exploremore.aop.LoggingAop [http-nio-7474-exec-3] Exiting PaymentController.com.exploremore.controller.PaymentController
2022-06-27 14:12:48,861 INFO com.exploremore.aop.LoggingAop [http-nio-7474-exec-3] Executing PaymentController.addPaymentInfo
2022-06-27 15:54:09,479 INFO com.exploremore.aop.LoggingAop [http-nio-7474-exec-8] Entering BillingController.com.exploremore.controller.BillingController
2022-06-27 15:54:09,484 INFO com.exploremore.aop.LoggingAop [http-nio-7474-exec-8] Entering BillingServiceImpl.com.exploremore.service.BillingServiceImpl
2022-06-27 15:54:09,484 INFO com.exploremore.aop.LoggingAop [http-nio-7474-exec-9] Entering PaymentController.com.exploremore.controller.PaymentController
2022-06-27 15:54:09,485 INFO com.exploremore.aop.LoggingAop [http-nio-7474-exec-9] Entering PaymentServiceImpl.com.exploremore.service.PaymentServiceImpl
2022-06-27 15:54:09,487 INFO com.exploremore.aop.LoggingAop [http-nio-7474-exec-8] Entering JpaRepository.org.springframework.data.jpa.repository.JpaRepository
2022-06-27 15:54:09,486 INFO com.exploremore.aop.LoggingAop [http-nio-7474-exec-9] Entering JpaRepository.org.springframework.data.jpa.repository.JpaRepository
2022-06-27 15:54:09,503 INFO com.exploremore.aop.LoggingAop [http-nio-7474-exec-8] Exiting JpaRepository.org.springframework.data.jpa.repository.JpaRepository
2022-06-27 15:54:09,503 INFO com.exploremore.aop.LoggingAop [http-nio-7474-exec-8] Executing JpaRepository.saveAndFlush
2022-06-27 15:54:09,504 INFO com.exploremore.aop.LoggingAop [http-nio-7474-exec-8] Exiting BillingServiceImpl.com.exploremore.service.BillingServiceImpl
2022-06-27 15:54:09,504 INFO com.exploremore.aop.LoggingAop [http-nio-7474-exec-8] Executing BillingServiceImpl.addBillingAddress
2022-06-27 15:54:09,504 INFO com.exploremore.aop.LoggingAop [http-nio-7474-exec-8] Exiting BillingController.com.exploremore.controller.BillingController
2022-06-27 15:54:09,504 INFO com.exploremore.aop.LoggingAop [http-nio-7474-exec-8] Executing BillingController.addBillingAddress
2022-06-27 15:54:09,509 INFO com.exploremore.aop.LoggingAop [http-nio-7474-exec-9] Exiting JpaRepository.org.springframework.data.jpa.repository.JpaRepository
2022-06-27 15:54:09,510 INFO com.exploremore.aop.LoggingAop [http-nio-7474-exec-9] Exiting PaymentServiceImpl.com.exploremore.service.PaymentServiceImpl
2022-06-27 15:54:09,510 INFO com.exploremore.aop.LoggingAop [http-nio-7474-exec-9] Exiting PaymentController.com.exploremore.controller.PaymentController
2022-06-27 17:20:49,870 INFO com.exploremore.aop.LoggingAop [http-nio-7474-exec-1] Entering PaymentController.com.exploremore.controller.PaymentController
2022-06-27 17:20:49,870 INFO com.exploremore.aop.LoggingAop [http-nio-7474-exec-3] Entering BillingController.com.exploremore.controller.BillingController
2022-06-27 17:20:49,871 INFO com.exploremore.aop.LoggingAop [http-nio-7474-exec-1] Entering PaymentServiceImpl.com.exploremore.service.PaymentServiceImpl
2022-06-27 17:20:49,871 INFO com.exploremore.aop.LoggingAop [http-nio-7474-exec-3] Entering BillingServiceImpl.com.exploremore.service.BillingServiceImpl
2022-06-27 17:20:49,871 INFO com.exploremore.aop.LoggingAop [http-nio-7474-exec-1] Entering JpaRepository.org.springframework.data.jpa.repository.JpaRepository
2022-06-27 17:20:49,871 INFO com.exploremore.aop.LoggingAop [http-nio-7474-exec-3] Entering JpaRepository.org.springframework.data.jpa.repository.JpaRepository
2022-06-27 17:20:49,876 INFO com.exploremore.aop.LoggingAop [http-nio-7474-exec-1] Exiting JpaRepository.org.springframework.data.jpa.repository.JpaRepository
2022-06-27 17:20:49,876 INFO com.exploremore.aop.LoggingAop [http-nio-7474-exec-1] Exiting PaymentServiceImpl.com.exploremore.service.PaymentServiceImpl
2022-06-27 17:20:49,876 INFO com.exploremore.aop.LoggingAop [http-nio-7474-exec-1] Exiting PaymentController.com.exploremore.controller.PaymentController
2022-06-27 17:20:49,878 INFO com.exploremore.aop.LoggingAop [http-nio-7474-exec-3] Exiting JpaRepository.org.springframework.data.jpa.repository.JpaRepository
2022-06-27 17:20:49,878 INFO com.exploremore.aop.LoggingAop [http-nio-7474-exec-3] Executing JpaRepository.saveAndFlush
2022-06-27 17:20:49,878 INFO com.exploremore.aop.LoggingAop [http-nio-7474-exec-3] Exiting BillingServiceImpl.com.exploremore.service.BillingServiceImpl
2022-06-27 17:20:49,878 INFO com.exploremore.aop.LoggingAop [http-nio-7474-exec-3] Executing BillingServiceImpl.addBillingAddress
2022-06-27 17:20:49,878 INFO com.exploremore.aop.LoggingAop [http-nio-7474-exec-3] Exiting BillingController.com.exploremore.controller.BillingController
2022-06-27 17:20:49,878 INFO com.exploremore.aop.LoggingAop [http-nio-7474-exec-3] Executing BillingController.addBillingAddress
2022-06-27 17:32:25,866 INFO com.exploremore.aop.LoggingAop [http-nio-7474-exec-8] Entering BillingController.com.exploremore.controller.BillingController
2022-06-27 17:32:25,867 INFO com.exploremore.aop.LoggingAop [http-nio-7474-exec-8] Entering BillingServiceImpl.com.exploremore.service.BillingServiceImpl
2022-06-27 17:32:25,867 INFO com.exploremore.aop.LoggingAop [http-nio-7474-exec-8] Entering JpaRepository.org.springframework.data.jpa.repository.JpaRepository
2022-06-27 17:32:25,870 INFO com.exploremore.aop.LoggingAop [http-nio-7474-exec-9] Entering PaymentController.com.exploremore.controller.PaymentController
2022-06-27 17:32:25,870 INFO com.exploremore.aop.LoggingAop [http-nio-7474-exec-9] Entering PaymentServiceImpl.com.exploremore.service.PaymentServiceImpl
2022-06-27 17:32:25,870 INFO com.exploremore.aop.LoggingAop [http-nio-7474-exec-9] Entering JpaRepository.org.springframework.data.jpa.repository.JpaRepository
2022-06-27 17:32:25,873 INFO com.exploremore.aop.LoggingAop [http-nio-7474-exec-8] Exiting JpaRepository.org.springframework.data.jpa.repository.JpaRepository
2022-06-27 17:32:25,873 INFO com.exploremore.aop.LoggingAop [http-nio-7474-exec-8] Executing JpaRepository.saveAndFlush
2022-06-27 17:32:25,873 INFO com.exploremore.aop.LoggingAop [http-nio-7474-exec-8] Exiting BillingServiceImpl.com.exploremore.service.BillingServiceImpl
2022-06-27 17:32:25,873 INFO com.exploremore.aop.LoggingAop [http-nio-7474-exec-8] Executing BillingServiceImpl.addBillingAddress
2022-06-27 17:32:25,873 INFO com.exploremore.aop.LoggingAop [http-nio-7474-exec-9] Exiting JpaRepository.org.springframework.data.jpa.repository.JpaRepository
2022-06-27 17:32:25,873 INFO com.exploremore.aop.LoggingAop [http-nio-7474-exec-8] Exiting BillingController.com.exploremore.controller.BillingController
2022-06-27 17:32:25,873 INFO com.exploremore.aop.LoggingAop [http-nio-7474-exec-8] Executing BillingController.addBillingAddress
2022-06-27 17:32:25,873 INFO com.exploremore.aop.LoggingAop [http-nio-7474-exec-9] Exiting PaymentServiceImpl.com.exploremore.service.PaymentServiceImpl
2022-06-27 17:32:25,873 INFO com.exploremore.aop.LoggingAop [http-nio-7474-exec-9] Exiting PaymentController.com.exploremore.controller.PaymentController
2022-06-27 17:50:16,018 INFO com.exploremore.aop.LoggingAop [http-nio-7474-exec-1] Entering BillingController.com.exploremore.controller.BillingController
2022-06-27 17:50:16,019 INFO com.exploremore.aop.LoggingAop [http-nio-7474-exec-3] Entering PaymentController.com.exploremore.controller.PaymentController
2022-06-27 17:50:16,019 INFO com.exploremore.aop.LoggingAop [http-nio-7474-exec-1] Entering BillingServiceImpl.com.exploremore.service.BillingServiceImpl
2022-06-27 17:50:16,019 INFO com.exploremore.aop.LoggingAop [http-nio-7474-exec-3] Entering PaymentServiceImpl.com.exploremore.service.PaymentServiceImpl
2022-06-27 17:50:16,019 INFO com.exploremore.aop.LoggingAop [http-nio-7474-exec-1] Entering JpaRepository.org.springframework.data.jpa.repository.JpaRepository
2022-06-27 17:50:16,019 INFO com.exploremore.aop.LoggingAop [http-nio-7474-exec-3] Entering JpaRepository.org.springframework.data.jpa.repository.JpaRepository
2022-06-27 17:50:16,025 INFO com.exploremore.aop.LoggingAop [http-nio-7474-exec-3] Exiting JpaRepository.org.springframework.data.jpa.repository.JpaRepository
2022-06-27 17:50:16,025 INFO com.exploremore.aop.LoggingAop [http-nio-7474-exec-3] Exiting PaymentServiceImpl.com.exploremore.service.PaymentServiceImpl
2022-06-27 17:50:16,026 INFO com.exploremore.aop.LoggingAop [http-nio-7474-exec-3] Exiting PaymentController.com.exploremore.controller.PaymentController
2022-06-27 17:50:16,026 INFO com.exploremore.aop.LoggingAop [http-nio-7474-exec-1] Exiting JpaRepository.org.springframework.data.jpa.repository.JpaRepository
2022-06-27 17:50:16,026 INFO com.exploremore.aop.LoggingAop [http-nio-7474-exec-1] Executing JpaRepository.saveAndFlush
2022-06-27 17:50:16,027 INFO com.exploremore.aop.LoggingAop [http-nio-7474-exec-1] Exiting BillingServiceImpl.com.exploremore.service.BillingServiceImpl
2022-06-27 17:50:16,027 INFO com.exploremore.aop.LoggingAop [http-nio-7474-exec-1] Executing BillingServiceImpl.addBillingAddress
2022-06-27 17:50:16,027 INFO com.exploremore.aop.LoggingAop [http-nio-7474-exec-1] Exiting BillingController.com.exploremore.controller.BillingController
2022-06-27 17:50:16,027 INFO com.exploremore.aop.LoggingAop [http-nio-7474-exec-1] Executing BillingController.addBillingAddress
=======
2022-06-28 10:50:22,576 INFO org.springframework.boot.StartupInfoLogger [restartedMain] Starting ExploremoreApplication using Java 15.0.1 on DESKTOP-OJF9H6U with PID 8816 (C:\backend\target\classes started by anilc in C:\backend)
2022-06-28 10:50:22,583 DEBUG org.springframework.boot.StartupInfoLogger [restartedMain] Running with Spring Boot v2.7.1, Spring v5.3.21
2022-06-28 10:50:22,584 INFO org.springframework.boot.SpringApplication [restartedMain] No active profile set, falling back to 1 default profile: "default"
2022-06-28 10:50:25,177 INFO com.exploremore.aop.LoggingAop [restartedMain] Entering ExploremoreApplication.com.exploremore.ExploremoreApplication
2022-06-28 10:50:25,199 INFO com.exploremore.aop.LoggingAop [restartedMain] Exiting ExploremoreApplication.com.exploremore.ExploremoreApplication
2022-06-28 10:50:25,202 INFO com.exploremore.aop.LoggingAop [restartedMain] Executing ExploremoreApplication.corsFilter
2022-06-28 10:56:00,346 INFO org.springframework.boot.StartupInfoLogger [restartedMain] Starting ExploremoreApplication using Java 15.0.1 on DESKTOP-OJF9H6U with PID 8816 (C:\backend\target\classes started by anilc in C:\backend)
2022-06-28 10:56:00,347 DEBUG org.springframework.boot.StartupInfoLogger [restartedMain] Running with Spring Boot v2.7.1, Spring v5.3.21
2022-06-28 10:56:00,347 INFO org.springframework.boot.SpringApplication [restartedMain] No active profile set, falling back to 1 default profile: "default"
2022-06-28 10:56:02,682 INFO com.exploremore.aop.LoggingAop [restartedMain] Entering ExploremoreApplication.com.exploremore.ExploremoreApplication
2022-06-28 10:56:02,712 INFO com.exploremore.aop.LoggingAop [restartedMain] Exiting ExploremoreApplication.com.exploremore.ExploremoreApplication
2022-06-28 10:56:02,712 INFO com.exploremore.aop.LoggingAop [restartedMain] Executing ExploremoreApplication.corsFilter
2022-06-28 10:56:10,354 INFO org.springframework.boot.StartupInfoLogger [restartedMain] Started ExploremoreApplication in 10.245 seconds (JVM running for 80675.816)
>>>>>>> a6b301419690fee8c44ae4f33415ff6955a75838
